11:33:59 **** Incremental Build of configuration Release for project DIO2 ****
make all 
Building file: ../main.c
Invoking: AVR Compiler
avr-gcc -Wall -Os -fpack-struct -fshort-enums -ffunction-sections -fdata-sections -std=gnu99 -funsigned-char -funsigned-bitfields -mmcu=atmega32 -DF_CPU=8000000UL -MMD -MP -MF"main.d" -MT"main.o" -c -o "main.o" "../main.c"
../main.c: In function 'main':
../main.c:37: warning: unused variable 'number_hex'
../main.c:23: warning: unused variable 'number'
Finished building: ../main.c
 
Building target: DIO2.elf
Invoking: AVR C Linker
avr-gcc -Wl,-Map,DIO2.map -mmcu=atmega32 -o "DIO2.elf"  ./main.o   
Finished building target: DIO2.elf
 
Invoking: AVR Create Extended Listing
avr-objdump -h -S DIO2.elf  >"DIO2.lss"
Finished building: DIO2.lss
 
Create Flash image (ihex format)
avr-objcopy -R .eeprom -R .fuse -R .lock -R .signature -O ihex DIO2.elf  "DIO2.hex"
Finished building: DIO2.hex
 
Create eeprom image (ihex format)
avr-objcopy -j .eeprom --no-change-warnings --change-section-lma .eeprom=0 -O ihex DIO2.elf  "DIO2.eep"
Finished building: DIO2.eep
 
Invoking: Print Size
avr-size --format=avr --mcu=atmega32 DIO2.elf
AVR Memory Usage
----------------
Device: atmega32

Program:     134 bytes (0.4% Full)
(.text + .data + .bootloader)

Data:          0 bytes (0.0% Full)
(.data + .bss + .noinit)


Finished building: sizedummy
 

11:34:00 Build Finished (took 773ms)

