04:30:32 **** Incremental Build of configuration Release for project Interupt ****
make all 
Building file: ../EXTI/EXTI_program.c
Invoking: AVR Compiler
avr-gcc -Wall -Os -fpack-struct -fshort-enums -ffunction-sections -fdata-sections -std=gnu99 -funsigned-char -funsigned-bitfields -mmcu=atmega32 -DF_CPU=8000000UL -MMD -MP -MF"EXTI/EXTI_program.d" -MT"EXTI/EXTI_program.o" -c -o "EXTI/EXTI_program.o" "../EXTI/EXTI_program.c"
Finished building: ../EXTI/EXTI_program.c
 
Building file: ../main.c
Invoking: AVR Compiler
avr-gcc -Wall -Os -fpack-struct -fshort-enums -ffunction-sections -fdata-sections -std=gnu99 -funsigned-char -funsigned-bitfields -mmcu=atmega32 -DF_CPU=8000000UL -MMD -MP -MF"main.d" -MT"main.o" -c -o "main.o" "../main.c"
Finished building: ../main.c
 
Building target: Interupt.elf
Invoking: AVR C Linker
avr-gcc -Wl,-Map,Interupt.map -mmcu=atmega32 -o "Interupt.elf"  ./GIE/GIE_program.o  ./EXTI/EXTI_program.o  ./DIO/DIO_program.o  ./main.o   
Finished building target: Interupt.elf
 
Invoking: AVR Create Extended Listing
avr-objdump -h -S Interupt.elf  >"Interupt.lss"
Finished building: Interupt.lss
 
Create Flash image (ihex format)
avr-objcopy -R .eeprom -R .fuse -R .lock -R .signature -O ihex Interupt.elf  "Interupt.hex"
Finished building: Interupt.hex
 
Create eeprom image (ihex format)
avr-objcopy -j .eeprom --no-change-warnings --change-section-lma .eeprom=0 -O ihex Interupt.elf  "Interupt.eep"
Finished building: Interupt.eep
 
Invoking: Print Size
avr-size --format=avr --mcu=atmega32 Interupt.elf
AVR Memory Usage
----------------
Device: atmega32

Program:    1050 bytes (3.2% Full)
(.text + .data + .bootloader)

Data:          2 bytes (0.1% Full)
(.data + .bss + .noinit)


Finished building: sizedummy
 

04:30:33 Build Finished (took 1s.179ms)

